{"level":"info","msg":"Logger initilized","time":"2022-02-03T19:53:38Z"}
{"level":"info","msg":"Logger initilized","time":"2022-02-03T19:55:38Z"}
{"level":"info","msg":"Logger initilized","time":"2022-02-03T19:56:42Z"}
{"level":"info","msg":"Logger initilized","time":"2022-02-05T10:16:05Z"}
{"level":"info","msg":"Logger initilized","time":"2022-02-05T10:18:41Z"}
{"level":"info","msg":"Logger initilized","time":"2022-02-05T10:20:33Z"}
{"level":"info","msg":"Logger initilized","time":"2022-02-05T10:28:31Z"}
{"level":"info","msg":"Logger initilized","time":"2022-02-05T10:40:34Z"}
{"level":"info","msg":"Logger initilized","time":"2022-02-05T10:52:48Z"}
{"level":"info","msg":"Logger initilized","time":"2022-02-05T10:55:57Z"}
{"level":"info","msg":"Logger initilized","time":"2022-02-05T10:56:15Z"}
{"level":"info","msg":"Logger initilized","time":"2022-02-05T10:56:24Z"}
{"level":"info","msg":"Logger initilized","time":"2022-02-05T10:57:13Z"}
{"level":"info","msg":"Logger initilized","time":"2022-02-05T11:00:18Z"}
{"level":"info","msg":"Logger initilized","time":"2022-02-05T11:03:53Z"}
{"level":"info","msg":"Logger initilized","time":"2022-02-05T11:04:08Z"}
{"level":"info","msg":"Logger initilized","time":"2022-02-05T11:04:23Z"}
{"level":"info","msg":"Logger initilized","time":"2022-02-05T11:04:55Z"}
{"level":"info","msg":"Logger initilized","time":"2022-02-05T11:07:36Z"}
{"level":"info","msg":"Logger initilized","time":"2022-02-05T11:09:18Z"}
{"level":"info","msg":"Logger initilized","time":"2022-02-05T11:09:31Z"}
{"level":"info","msg":"Logger initilized","time":"2022-02-05T11:22:11Z"}
{"level":"info","msg":"Logger initilized","time":"2022-02-05T11:24:16Z"}
{"level":"info","msg":"Logger initilized","time":"2022-02-05T11:26:22Z"}
{"level":"info","msg":"Logger initilized","time":"2022-02-05T11:40:21Z"}
{"level":"info","msg":"Logger initilized","time":"2022-02-05T11:47:12Z"}
{"level":"info","msg":"Logger initilized","time":"2022-02-05T14:37:24Z"}
{"level":"info","msg":"Logger initilized","time":"2022-02-05T14:40:20Z"}
{"level":"info","msg":"Logger initilized","time":"2022-02-05T14:40:55Z"}
{"level":"info","msg":"Logger initilized","time":"2022-02-05T14:41:15Z"}
{"level":"info","msg":"Logger initilized","time":"2022-02-05T14:57:34Z"}
{"level":"info","msg":"Logger initilized","time":"2022-02-05T15:07:23Z"}
{"level":"info","msg":"Logger initilized","time":"2022-02-05T15:08:00Z"}
{"level":"info","msg":"Logger initilized","time":"2022-02-05T15:09:29Z"}
{"level":"info","msg":"Logger initilized","time":"2022-02-05T15:14:02Z"}
{"level":"info","msg":"Logger initilized","time":"2022-02-05T15:15:06Z"}
{"level":"info","msg":"Logger initilized","time":"2022-02-05T15:16:14Z"}
{"level":"info","msg":"Logger initilized","time":"2022-02-05T15:16:38Z"}
{"level":"info","msg":"Logger initilized","time":"2022-02-05T15:17:00Z"}
{"level":"info","msg":"Logger initilized","time":"2022-02-05T15:19:31Z"}
{"level":"info","msg":"Logger initilized","time":"2022-02-05T15:22:06Z"}
{"level":"info","msg":"Logger initilized","time":"2022-02-05T15:24:12Z"}
{"level":"info","msg":"Logger initilized","time":"2022-02-05T15:24:49Z"}
{"level":"info","msg":"Logger initilized","time":"2022-02-05T15:53:16Z"}
{"level":"info","msg":"Logger initilized","time":"2022-02-05T15:56:03Z"}
{"level":"info","msg":"Logger initilized","time":"2022-02-05T15:56:52Z"}
{"level":"info","msg":"Logger initilized","time":"2022-02-05T16:06:01Z"}
{"level":"info","msg":"Logger initilized","time":"2022-02-05T16:06:19Z"}
{"level":"info","msg":"Logger initilized","time":"2022-02-05T16:07:49Z"}
{"level":"info","msg":"Logger initilized","time":"2022-02-05T16:08:30Z"}
{"level":"info","msg":"Logger initilized","time":"2022-02-05T16:16:08Z"}
{"level":"info","msg":"Logger initilized","time":"2022-02-05T16:17:15Z"}
{"level":"info","msg":"Logger initilized","time":"2022-02-05T16:17:33Z"}
{"level":"info","msg":"Logger initilized","time":"2022-02-05T16:17:48Z"}
{"level":"info","msg":"Logger initilized","time":"2022-02-05T16:18:25Z"}
{"level":"info","msg":"Logger initilized","time":"2022-02-05T16:20:12Z"}
{"level":"info","msg":"Logger initilized","time":"2022-02-05T16:26:41Z"}
{"level":"info","msg":"Logger initilized","time":"2022-02-05T16:35:52Z"}
{"level":"info","msg":"Logger initilized","time":"2022-02-05T16:36:19Z"}
{"level":"info","msg":"Logger initilized","time":"2022-02-05T16:36:47Z"}
{"level":"info","msg":"Logger initilized","time":"2022-02-05T16:37:02Z"}
{"level":"info","msg":"Logger initilized","time":"2022-02-05T16:37:36Z"}
{"level":"info","msg":"Logger initilized","time":"2022-02-05T16:38:09Z"}
{"level":"info","msg":"Logger initilized","time":"2022-02-05T16:39:19Z"}
{"level":"info","msg":"Logger initilized","time":"2022-02-05T16:40:02Z"}
{"level":"info","msg":"Logger initilized","time":"2022-02-05T16:56:42Z"}
{"level":"info","msg":"Logger initilized","time":"2022-02-05T16:59:26Z"}
{"level":"info","msg":"Logger initilized","time":"2022-02-05T17:10:34Z"}
{"level":"info","msg":"Logger initilized","time":"2022-02-05T17:11:55Z"}
{"level":"info","msg":"Logger initilized","time":"2022-02-05T17:12:17Z"}
{"level":"info","msg":"Logger initilized","time":"2022-02-05T18:20:07Z"}
{"level":"info","msg":"Logger initilized","time":"2022-02-05T18:32:22Z"}
{"level":"info","msg":"Logger initilized","time":"2022-02-05T18:33:39Z"}
{"level":"info","msg":"Logger initilized","time":"2022-02-06T09:48:49Z"}
{"level":"info","msg":"Logger initilized","time":"2022-02-06T10:06:10Z"}
{"level":"info","msg":"Logger initilized","time":"2022-02-06T10:06:47Z"}
{"level":"info","msg":"Logger initilized","time":"2022-02-06T10:08:17Z"}
{"level":"info","msg":"Logger initilized","time":"2022-02-06T10:08:28Z"}
{"level":"info","msg":"Logger initilized","time":"2022-02-06T10:08:32Z"}
{"level":"info","msg":"Logger initilized","time":"2022-02-06T10:13:29Z"}
{"level":"info","msg":"Logger initilized","time":"2022-02-06T10:13:53Z"}
{"level":"info","msg":"Logger initilized","time":"2022-02-06T10:13:57Z"}
{"level":"info","msg":"Logger initilized","time":"2022-02-06T10:14:05Z"}
{"level":"info","msg":"Logger initilized","time":"2022-02-06T10:14:35Z"}
{"level":"info","msg":"Logger initilized","time":"2022-02-06T10:14:39Z"}
{"level":"info","msg":"Logger initilized","time":"2022-02-06T10:19:03Z"}
{"level":"info","msg":"Logger initilized","time":"2022-02-06T10:19:14Z"}
{"level":"info","msg":"Logger initilized","time":"2022-02-06T10:29:29Z"}
{"level":"info","msg":"Logger initilized","time":"2022-02-06T10:30:00Z"}
{"level":"info","msg":"Logger initilized","time":"2022-02-06T10:30:56Z"}
{"level":"info","msg":"Logger initilized","time":"2022-02-06T10:32:54Z"}
{"level":"info","msg":"Logger initilized","time":"2022-02-06T10:34:12Z"}
{"level":"info","msg":"Logger initilized","time":"2022-02-06T10:34:50Z"}
{"level":"info","msg":"Logger initilized","time":"2022-02-06T10:39:35Z"}
{"level":"info","msg":"Logger initilized","time":"2022-02-06T10:45:02Z"}
{"level":"info","msg":"Logger initilized","time":"2022-02-06T10:45:27Z"}
{"level":"info","msg":"Logger initilized","time":"2022-02-06T10:45:56Z"}
{"level":"info","msg":"Logger initilized","time":"2022-02-06T10:59:10Z"}
{"level":"info","msg":"Logger initilized","time":"2022-02-06T11:00:24Z"}
{"level":"info","msg":"Logger initilized","time":"2022-02-06T11:00:46Z"}
{"level":"info","msg":"Logger initilized","time":"2022-02-06T11:01:17Z"}
{"level":"info","msg":"Logger initilized","time":"2022-02-06T11:01:41Z"}
{"level":"info","msg":"Logger initilized","time":"2022-02-06T11:02:03Z"}
{"level":"info","msg":"Logger initilized","time":"2022-02-06T11:11:07Z"}
{"level":"warning","msg":"Bridge [yarp0] does not exist","time":"2022-02-06T11:11:07Z"}
{"level":"info","msg":"Logger initilized","time":"2022-02-06T11:11:35Z"}
{"level":"warning","msg":"Bridge already created. Skipping.","time":"2022-02-06T11:11:35Z"}
{"level":"error","msg":"\u003cnil\u003e","time":"2022-02-06T11:11:35Z"}
{"level":"info","msg":"Logger initilized","time":"2022-02-06T11:11:38Z"}
{"level":"warning","msg":"Bridge already created. Skipping.","time":"2022-02-06T11:11:38Z"}
{"level":"error","msg":"\u003cnil\u003e","time":"2022-02-06T11:11:38Z"}
{"level":"info","msg":"Logger initilized","time":"2022-02-06T11:11:50Z"}
{"level":"warning","msg":"Bridge already created. Skipping.","time":"2022-02-06T11:11:50Z"}
{"level":"error","msg":"\u003cnil\u003e","time":"2022-02-06T11:11:50Z"}
{"level":"info","msg":"Logger initilized","time":"2022-02-06T11:12:02Z"}
{"level":"warning","msg":"Bridge [yarp0] does not exist","time":"2022-02-06T11:12:04Z"}
{"level":"info","msg":"Logger initilized","time":"2022-02-06T11:13:21Z"}
{"level":"warning","msg":"Bridge [yarp0] does not exist","time":"2022-02-06T11:13:21Z"}
{"level":"warning","msg":"Bridge [yarp0] created with IP: [10.244.0.3]","time":"2022-02-06T11:13:31Z"}
{"level":"error","msg":"\u003cnil\u003e","time":"2022-02-06T11:13:33Z"}
{"level":"info","msg":"Logger initilized","time":"2022-02-06T11:33:06Z"}
{"level":"warning","msg":"Bridge already created. Skipping.","time":"2022-02-06T11:33:06Z"}
{"level":"error","msg":"file exists","time":"2022-02-06T11:33:06Z"}
{"level":"info","msg":"Logger initilized","time":"2022-02-06T11:33:20Z"}
{"level":"warning","msg":"Bridge already created. Skipping.","time":"2022-02-06T11:33:20Z"}
{"level":"error","msg":"file exists","time":"2022-02-06T11:33:33Z"}
{"level":"info","msg":"Logger initilized","time":"2022-02-06T11:33:44Z"}
{"level":"warning","msg":"Bridge already created. Skipping.","time":"2022-02-06T11:33:44Z"}
{"level":"error","msg":"file exists","time":"2022-02-06T11:34:20Z"}
{"level":"info","msg":"Logger initilized","time":"2022-02-06T11:34:39Z"}
{"level":"warning","msg":"Bridge already created. Skipping.","time":"2022-02-06T11:34:39Z"}
{"level":"error","msg":"file exists","time":"2022-02-06T11:34:43Z"}
{"level":"debug","msg":"file exists","time":"2022-02-06T11:34:43Z"}
{"level":"info","msg":"Logger initilized","time":"2022-02-06T11:35:05Z"}
{"level":"warning","msg":"Bridge [yarp0] does not exist","time":"2022-02-06T11:35:05Z"}
{"level":"warning","msg":"Bridge [yarp0] created with IP: [10.244.0.0]","time":"2022-02-06T11:35:05Z"}
{"level":"error","msg":"file exists","time":"2022-02-06T11:35:05Z"}
{"level":"info","msg":"Logger initilized","time":"2022-02-06T11:35:21Z"}
{"level":"warning","msg":"Bridge [yarp0] does not exist","time":"2022-02-06T11:35:21Z"}
{"level":"warning","msg":"Bridge [yarp0] created with IP: [10.244.0.0]","time":"2022-02-06T11:35:21Z"}
{"level":"error","msg":"file exists","time":"2022-02-06T11:35:21Z"}
{"level":"info","msg":"Logger initilized","time":"2022-02-06T11:35:30Z"}
{"level":"warning","msg":"Bridge [yarp0] does not exist","time":"2022-02-06T11:35:30Z"}
{"level":"warning","msg":"Bridge [yarp0] created with IP: [10.244.0.0]","time":"2022-02-06T11:35:30Z"}
{"level":"error","msg":"file exists","time":"2022-02-06T11:35:30Z"}
{"level":"info","msg":"Logger initilized","time":"2022-02-06T11:35:46Z"}
{"level":"warning","msg":"Bridge [yarp0] does not exist","time":"2022-02-06T11:35:46Z"}
{"level":"warning","msg":"Bridge [yarp0] created with IP: [10.244.0.0]","time":"2022-02-06T11:35:46Z"}
{"level":"info","msg":"Logger initilized","time":"2022-02-06T11:40:33Z"}
{"level":"warning","msg":"Bridge already created. Skipping.","time":"2022-02-06T11:40:33Z"}
{"level":"debug","msg":"Allocated [10.244.0.3]","time":"2022-02-06T11:40:33Z"}
{"level":"info","msg":"Logger initilized","time":"2022-02-06T11:42:06Z"}
{"level":"warning","msg":"Bridge already created. Skipping.","time":"2022-02-06T11:42:06Z"}
{"level":"error","msg":"file exists","time":"2022-02-06T11:42:06Z"}
{"level":"info","msg":"Logger initilized","time":"2022-02-06T13:24:42Z"}
{"level":"warning","msg":"Bridge already created. Skipping.","time":"2022-02-06T13:24:42Z"}
{"level":"debug","msg":"Allocated [10.244.0.5]","time":"2022-02-06T13:24:42Z"}
{"level":"info","msg":"Logger initilized","time":"2022-02-06T13:25:34Z"}
{"level":"warning","msg":"Bridge already created. Skipping.","time":"2022-02-06T13:25:34Z"}
{"level":"debug","msg":"Allocated [10.244.0.6]","time":"2022-02-06T13:25:34Z"}
{"level":"info","msg":"Logger initilized","time":"2022-02-06T13:28:28Z"}
{"level":"warning","msg":"Bridge already created. Skipping.","time":"2022-02-06T13:28:28Z"}
{"level":"debug","msg":"Allocated [10.244.0.7]","time":"2022-02-06T13:28:28Z"}
{"level":"info","msg":"Logger initilized","time":"2022-02-06T13:41:23Z"}
{"level":"warning","msg":"Bridge [yarp0] does not exist","time":"2022-02-06T13:41:23Z"}
{"level":"info","msg":"Logger initilized","time":"2022-02-06T13:42:51Z"}
{"level":"warning","msg":"Bridge [yarp0] does not exist","time":"2022-02-06T13:42:51Z"}
{"level":"info","msg":"Logger initilized","time":"2022-02-06T13:48:38Z"}
{"level":"warning","msg":"Bridge already created. Skipping.","time":"2022-02-06T13:48:38Z"}
{"level":"error","msg":"file exists","time":"2022-02-06T13:48:38Z"}
{"level":"info","msg":"Logger initilized","time":"2022-02-06T13:48:44Z"}
{"level":"warning","msg":"Bridge [yarp0] does not exist","time":"2022-02-06T13:48:44Z"}
{"level":"info","msg":"Logger initilized","time":"2022-02-06T14:50:04Z"}
{"level":"warning","msg":"Bridge already created. Skipping.","time":"2022-02-06T14:50:04Z"}
{"level":"debug","msg":"Allocated [10.244.0.1]","time":"2022-02-06T14:50:18Z"}
{"level":"info","msg":"Logger initilized","time":"2022-02-06T14:50:42Z"}
{"level":"warning","msg":"Bridge [yarp0] does not exist","time":"2022-02-06T14:50:42Z"}
{"level":"debug","msg":"Allocated [10.244.0.0]","time":"2022-02-06T14:50:42Z"}
{"level":"warning","msg":"Bridge [yarp0] created with IP: [10.244.0.0]","time":"2022-02-06T14:50:42Z"}
{"level":"error","msg":"file exists","time":"2022-02-06T14:50:42Z"}
{"level":"debug","msg":"DeAllocated [10.244.0.1]","time":"2022-02-06T14:50:42Z"}
{"level":"info","msg":"Logger initilized","time":"2022-02-06T14:50:54Z"}
{"level":"warning","msg":"Bridge already created. Skipping.","time":"2022-02-06T14:50:54Z"}
{"level":"info","msg":"Logger initilized","time":"2022-02-06T14:53:37Z"}
{"level":"warning","msg":"Bridge [yarp0] does not exist","time":"2022-02-06T14:53:37Z"}
{"level":"debug","msg":"Allocated [10.244.0.0]","time":"2022-02-06T14:53:37Z"}
{"level":"warning","msg":"Bridge [yarp0] created with IP: [10.244.0.0]","time":"2022-02-06T14:53:37Z"}
{"level":"debug","msg":"Allocated [10.244.0.1]","time":"2022-02-06T14:54:07Z"}
{"level":"info","msg":"Logger initilized","time":"2022-02-06T14:55:00Z"}
{"level":"warning","msg":"Bridge [yarp0] does not exist","time":"2022-02-06T14:55:00Z"}
{"level":"debug","msg":"Allocated [10.244.0.0]","time":"2022-02-06T14:55:00Z"}
{"level":"info","msg":"Logger initilized","time":"2022-02-06T14:55:39Z"}
{"level":"warning","msg":"Bridge already created. Skipping.","time":"2022-02-06T14:55:39Z"}
{"level":"error","msg":"file exists","time":"2022-02-06T14:55:39Z"}
{"level":"info","msg":"Logger initilized","time":"2022-02-06T14:55:43Z"}
{"level":"warning","msg":"Bridge already created. Skipping.","time":"2022-02-06T14:55:43Z"}
{"level":"info","msg":"Logger initilized","time":"2022-02-06T15:02:59Z"}
{"level":"warning","msg":"Bridge already created. Skipping.","time":"2022-02-06T15:02:59Z"}
{"level":"debug","msg":"Allocated [10.244.0.1]","time":"2022-02-06T15:02:59Z"}
{"level":"debug","msg":"DeAllocated [10.244.0.1]","time":"2022-02-06T15:02:59Z"}
{"level":"info","msg":"Logger initilized","time":"2022-02-06T15:03:24Z"}
{"level":"warning","msg":"Bridge already created. Skipping.","time":"2022-02-06T15:03:24Z"}
{"level":"info","msg":"Logger initilized","time":"2022-02-06T15:04:39Z"}
{"level":"warning","msg":"Bridge [yarp0] does not exist","time":"2022-02-06T15:04:46Z"}
{"level":"debug","msg":"Allocated [10.244.0.1]","time":"2022-02-06T15:04:46Z"}
{"level":"warning","msg":"Bridge [yarp0] created with IP: [10.244.0.1]","time":"2022-02-06T15:04:46Z"}
{"level":"info","msg":"Logger initilized","time":"2022-02-06T15:06:02Z"}
{"level":"warning","msg":"Bridge [yarp0] does not exist","time":"2022-02-06T15:06:02Z"}
{"level":"debug","msg":"Allocated [10.244.0.1]","time":"2022-02-06T15:06:14Z"}
